#
# A fatal error has been detected by the Java Runtime Environment:
#
#  SIGBUS (0xa) at pc=028a34f2, pid=3125, tid=2953654272
#
# JRE version: 7.0-b211
# Java VM: OpenJDK Server VM (21.0-b17 mixed mode bsd-x86 )
# Problematic frame:
# J  sun.misc.URLClassPath$JarLoader.getResource(Ljava/lang/String;Z)Lsun/misc/Resource;
#
# Failed to write core dump. Core dumps have been disabled. To enable core dumping, try "ulimit -c unlimited" before starting Java again
#
# If you would like to submit a bug report, please visit:
#   http://bugreport.sun.com/bugreport/crash.jsp
#

---------------  T H R E A D  ---------------

Current thread (023b4c00):  JavaThread "main" [_thread_in_Java, id=-1341313024, stack(b0083000,b00d3000)]

siginfo:si_signo=SIGBUS: si_errno=0, si_code=2 (BUS_ADRERR), si_addr=00000034

Registers:
EAX=98084904, EBX=9, ECX=0, EDX=899536
ESP=-1341320384, EBP=0, ESI=242866448, EDI=42611920
EIP=42611954, EFLAGS=66054

Top of Stack: (sp=b00d1340)
b00d1340:   00188ec0 00000000 2825ed40 00000000
b00d1350:   00000000 0e79d910 00000032 05d8a0b8
b00d1360:   0e851ce8 00000096 2825ed40 00000000
b00d1370:   00000032 05d8a740 00000008 00000006
b00d1380:   05d8a7e8 00000032 05d8a0b8 b00d138c
b00d1390:   00000009 b00d13c0 b00d13e0 0280349a
b00d13a0:   00000000 00000000 b00d13e0 0280349a
b00d13b0:   0280349a 00000000 05d8a0b8 0e851ce8 

Instructions: (pc=028a34f2)
028a34d2:   24 14 b9 07 00 00 00 23 0e 83 f9 05 0f 85 94 07
028a34e2:   00 00 8b c5 85 c0 0f 84 98 fe ff ff 8b 6c 24 0c
028a34f2:   8b 7d 34 8d 4f 50 3b 4d 3c 0f 83 e4 06 00 00 89
028a3502:   4d 34 0f 18 81 00 01 00 00 b9 b8 57 38 20 8b 59 

Register to memory mapping:

EAX=98084904 is an oop
java.util.zip.ZipEntry 
 - klass: 'java/util/zip/ZipEntry'
EBX=9 is an unknown value
ECX=0 is an unknown value
EDX=899536 is an unknown value
ESP=-1341320384 is pointing into the stack for thread: 37440512
EBP=0 is an unknown value
ESI=242866448 is an oop
java.util.jar.JarFile 
 - klass: 'java/util/jar/JarFile'
EDI=42609736 [CodeBlob (42609736)]
Framesize: 24


Stack: [b0083000,b00d3000],  sp=b00d1340,  free space=312k
Native frames: (J=compiled Java code, j=interpreted, Vv=VM code, C=native code)
J  sun.misc.URLClassPath$JarLoader.getResource(Ljava/lang/String;Z)Lsun/misc/Resource;

[error occurred during error reporting (printing native stack), id 0xa]


---------------  P R O C E S S  ---------------

Java Threads: ( => current thread )
  027e4c00 JavaThread "Java2D Disposer" daemon [_thread_blocked, id=-1334702080, stack(b06d1000,b0721000)]
  0277b000 JavaThread "Java2D Queue Flusher" daemon [_thread_blocked, id=-1335037952, stack(b067f000,b06cf000)]
  02559400 JavaThread "AWT-Shutdown" [_thread_blocked, id=-1335906304, stack(b05ab000,b05fb000)]
  02558c00 JavaThread "AWT-AppKit" daemon [_thread_in_native, id=-1401593152, stack(bf800000,c0000000)]
  00bea800 JavaThread "Service Thread" daemon [_thread_blocked, id=-1336774656, stack(b04d7000,b0527000)]
  00be9800 JavaThread "C2 CompilerThread1" daemon [_thread_in_native, id=-1337110528, stack(b0455000,b04d5000)]
  00bd6000 JavaThread "C2 CompilerThread0" daemon [_thread_blocked, id=-1337643008, stack(b03d3000,b0453000)]
  023fbc00 JavaThread "Signal Dispatcher" daemon [_thread_blocked, id=-1338175488, stack(b0381000,b03d1000)]
  00bc6c00 JavaThread "Finalizer" daemon [_thread_blocked, id=-1340108800, stack(b01a9000,b01f9000)]
  023f2c00 JavaThread "Reference Handler" daemon [_thread_blocked, id=-1340444672, stack(b0157000,b01a7000)]
=>023b4c00 JavaThread "main" [_thread_in_Java, id=-1341313024, stack(b0083000,b00d3000)]

Other Threads:
  023f1400 VMThread [stack: b00d5000,b0155000] [id=-1340780544]
  00bf4000 WatcherThread [stack: b0529000,b05a9000] [id=-1336242176]

VM state:not at safepoint (normal execution)

VM Mutex/Monitor currently owned by a thread: None

Heap
 def new generation   total 8192K, used 6049K [92274688, 101580800, 241172480)
  eden space 7296K,  78% used [92274688, 98136888, 99745792)
  from space 896K,  36% used [99745792, 100078200, 100663296)
  to   space 896K,   0% used [100663296, 100663296, 101580800)
 tenured generation   total 18176K, used 5694K [241172480, 259784704, 538968064)
   the space 18176K,  31% used [241172480, 247003480, 247003648, 259784704)
 compacting perm gen  total 16384K, used 9078K [538968064, 555745280, 606076928)
   the space 16384K,  55% used [538968064, 548264904, 548264960, 555745280)
No shared spaces configured.

Code Cache  [41943040, 44302336, 92274688)
 total_blobs=421 nmethods=122 adapters=251 free_code_cache=48501Kb largest_free_block=49620352

Dynamic libraries:
00000000 	/System/Library/Frameworks/Cocoa.framework/Versions/A/Cocoa
00000000 	/System/Library/Frameworks/Security.framework/Versions/A/Security
00000000 	/usr/lib/libz.1.dylib
00000000 	/usr/lib/libSystem.B.dylib
00000000 	/usr/lib/libobjc.A.dylib
00000000 	/System/Library/Frameworks/CoreFoundation.framework/Versions/A/CoreFoundation
00000000 	/System/Library/Frameworks/AppKit.framework/Versions/C/AppKit
00000000 	/System/Library/Frameworks/CoreData.framework/Versions/A/CoreData
00000000 	/System/Library/Frameworks/Foundation.framework/Versions/C/Foundation
00000000 	/System/Library/PrivateFrameworks/RemoteViewServices.framework/Versions/A/RemoteViewServices
00000000 	/System/Library/Frameworks/ApplicationServices.framework/Versions/A/ApplicationServices
00000000 	/System/Library/Frameworks/AudioToolbox.framework/Versions/A/AudioToolbox
00000000 	/System/Library/Frameworks/AudioUnit.framework/Versions/A/AudioUnit
00000000 	/System/Library/PrivateFrameworks/DataDetectorsCore.framework/Versions/A/DataDetectorsCore
00000000 	/System/Library/PrivateFrameworks/DesktopServicesPriv.framework/Versions/A/DesktopServicesPriv
00000000 	/System/Library/Frameworks/Carbon.framework/Versions/A/Frameworks/HIToolbox.framework/Versions/A/HIToolbox
00000000 	/System/Library/Frameworks/QuartzCore.framework/Versions/A/QuartzCore
00000000 	/System/Library/Frameworks/Carbon.framework/Versions/A/Frameworks/SpeechRecognition.framework/Versions/A/SpeechRecognition
00000000 	/usr/lib/libauto.dylib
00000000 	/usr/lib/libicucore.A.dylib
00000000 	/usr/lib/libxml2.2.dylib
00000000 	/System/Library/PrivateFrameworks/CoreUI.framework/Versions/A/CoreUI
00000000 	/System/Library/Frameworks/CoreAudio.framework/Versions/A/CoreAudio
00000000 	/System/Library/Frameworks/DiskArbitration.framework/Versions/A/DiskArbitration
00000000 	/usr/lib/liblangid.dylib
00000000 	/System/Library/PrivateFrameworks/MultitouchSupport.framework/Versions/A/MultitouchSupport
00000000 	/System/Library/Frameworks/IOKit.framework/Versions/A/IOKit
00000000 	/usr/lib/libDiagnosticMessagesClient.dylib
00000000 	/System/Library/Frameworks/CoreServices.framework/Versions/A/CoreServices
00000000 	/System/Library/PrivateFrameworks/PerformanceAnalysis.framework/Versions/A/PerformanceAnalysis
00000000 	/System/Library/Frameworks/CoreServices.framework/Versions/A/Frameworks/CFNetwork.framework/Versions/A/CFNetwork
00000000 	/System/Library/Frameworks/SystemConfiguration.framework/Versions/A/SystemConfiguration
00000000 	/usr/lib/libCRFSuite.dylib
00000000 	/System/Library/PrivateFrameworks/GenerationalStorage.framework/Versions/A/GenerationalStorage
00000000 	/usr/lib/libc++.1.dylib
00000000 	/usr/lib/libstdc++.6.dylib
00000000 	/usr/lib/libc++abi.dylib
00000000 	/usr/lib/system/libcache.dylib
00000000 	/usr/lib/system/libcommonCrypto.dylib
00000000 	/usr/lib/system/libcompiler_rt.dylib
00000000 	/usr/lib/system/libcopyfile.dylib
00000000 	/usr/lib/system/libdispatch.dylib
00000000 	/usr/lib/system/libdnsinfo.dylib
00000000 	/usr/lib/system/libdyld.dylib
00000000 	/usr/lib/system/libkeymgr.dylib
00000000 	/usr/lib/system/liblaunch.dylib
00000000 	/usr/lib/system/libmacho.dylib
00000000 	/usr/lib/system/libmathCommon.A.dylib
00000000 	/usr/lib/system/libnotify.dylib
00000000 	/usr/lib/system/libquarantine.dylib
00000000 	/usr/lib/system/libremovefile.dylib
00000000 	/usr/lib/system/libsystem_blocks.dylib
00000000 	/usr/lib/system/libsystem_c.dylib
00000000 	/usr/lib/system/libsystem_dnssd.dylib
00000000 	/usr/lib/system/libsystem_info.dylib
00000000 	/usr/lib/system/libsystem_kernel.dylib
00000000 	/usr/lib/system/libsystem_network.dylib
00000000 	/usr/lib/system/libsystem_sandbox.dylib
00000000 	/usr/lib/system/libunc.dylib
00000000 	/usr/lib/system/libunwind.dylib
00000000 	/usr/lib/system/libxpc.dylib
00000000 	/usr/lib/libbsm.0.dylib
00000000 	/usr/lib/libsqlite3.dylib
00000000 	/usr/lib/libpam.2.dylib
00000000 	/System/Library/Frameworks/CoreServices.framework/Versions/A/Frameworks/CarbonCore.framework/Versions/A/CarbonCore
00000000 	/System/Library/Frameworks/CoreServices.framework/Versions/A/Frameworks/Metadata.framework/Versions/A/Metadata
00000000 	/System/Library/Frameworks/CoreServices.framework/Versions/A/Frameworks/OSServices.framework/Versions/A/OSServices
00000000 	/System/Library/Frameworks/CoreServices.framework/Versions/A/Frameworks/SearchKit.framework/Versions/A/SearchKit
00000000 	/System/Library/Frameworks/CoreServices.framework/Versions/A/Frameworks/AE.framework/Versions/A/AE
00000000 	/System/Library/Frameworks/CoreServices.framework/Versions/A/Frameworks/LaunchServices.framework/Versions/A/LaunchServices
00000000 	/System/Library/Frameworks/CoreServices.framework/Versions/A/Frameworks/DictionaryServices.framework/Versions/A/DictionaryServices
00000000 	/System/Library/Frameworks/NetFS.framework/Versions/A/NetFS
00000000 	/usr/lib/system/libkxld.dylib
00000000 	/System/Library/PrivateFrameworks/NetAuth.framework/Versions/A/NetAuth
00000000 	/usr/lib/libcrypto.0.9.8.dylib
00000000 	/System/Library/PrivateFrameworks/TrustEvaluationAgent.framework/Versions/A/TrustEvaluationAgent
00000000 	/System/Library/Frameworks/OpenDirectory.framework/Versions/A/Frameworks/CFOpenDirectory.framework/Versions/A/CFOpenDirectory
00000000 	/usr/lib/libxslt.1.dylib
00000000 	/System/Library/Frameworks/Carbon.framework/Versions/A/Frameworks/CarbonSound.framework/Versions/A/CarbonSound
00000000 	/System/Library/PrivateFrameworks/FamilyControls.framework/Versions/A/FamilyControls
00000000 	/System/Library/Frameworks/Carbon.framework/Versions/A/Frameworks/Ink.framework/Versions/A/Ink
00000000 	/System/Library/Frameworks/ApplicationServices.framework/Versions/A/Frameworks/CoreGraphics.framework/Versions/A/CoreGraphics
00000000 	/System/Library/Frameworks/ApplicationServices.framework/Versions/A/Frameworks/ImageIO.framework/Versions/A/ImageIO
00000000 	/System/Library/Frameworks/ApplicationServices.framework/Versions/A/Frameworks/CoreText.framework/Versions/A/CoreText
00000000 	/System/Library/Frameworks/ApplicationServices.framework/Versions/A/Frameworks/ATS.framework/Versions/A/ATS
00000000 	/System/Library/Frameworks/ApplicationServices.framework/Versions/A/Frameworks/ColorSync.framework/Versions/A/ColorSync
00000000 	/System/Library/Frameworks/ApplicationServices.framework/Versions/A/Frameworks/HIServices.framework/Versions/A/HIServices
00000000 	/System/Library/Frameworks/ApplicationServices.framework/Versions/A/Frameworks/LangAnalysis.framework/Versions/A/LangAnalysis
00000000 	/System/Library/Frameworks/ApplicationServices.framework/Versions/A/Frameworks/PrintCore.framework/Versions/A/PrintCore
00000000 	/System/Library/Frameworks/ApplicationServices.framework/Versions/A/Frameworks/QD.framework/Versions/A/QD
00000000 	/System/Library/Frameworks/ApplicationServices.framework/Versions/A/Frameworks/SpeechSynthesis.framework/Versions/A/SpeechSynthesis
00000000 	/System/Library/Frameworks/IOSurface.framework/Versions/A/IOSurface
00000000 	/System/Library/Frameworks/Accelerate.framework/Versions/A/Accelerate
00000000 	/System/Library/Frameworks/ApplicationServices.framework/Versions/A/Frameworks/ImageIO.framework/Versions/A/Resources/libJPEG.dylib
00000000 	/System/Library/Frameworks/ApplicationServices.framework/Versions/A/Frameworks/ImageIO.framework/Versions/A/Resources/libTIFF.dylib
00000000 	/System/Library/Frameworks/ApplicationServices.framework/Versions/A/Frameworks/ImageIO.framework/Versions/A/Resources/libPng.dylib
00000000 	/System/Library/Frameworks/ApplicationServices.framework/Versions/A/Frameworks/ImageIO.framework/Versions/A/Resources/libGIF.dylib
00000000 	/System/Library/Frameworks/ApplicationServices.framework/Versions/A/Frameworks/ImageIO.framework/Versions/A/Resources/libJP2.dylib
00000000 	/System/Library/Frameworks/ApplicationServices.framework/Versions/A/Frameworks/ImageIO.framework/Versions/A/Resources/libRadiance.dylib
00000000 	/System/Library/Frameworks/Accelerate.framework/Versions/A/Frameworks/vImage.framework/Versions/A/vImage
00000000 	/System/Library/Frameworks/Accelerate.framework/Versions/A/Frameworks/vecLib.framework/Versions/A/vecLib
00000000 	/System/Library/Frameworks/Accelerate.framework/Versions/A/Frameworks/vecLib.framework/Versions/A/libvDSP.dylib
00000000 	/System/Library/Frameworks/Accelerate.framework/Versions/A/Frameworks/vecLib.framework/Versions/A/libvMisc.dylib
00000000 	/System/Library/Frameworks/Accelerate.framework/Versions/A/Frameworks/vecLib.framework/Versions/A/libLAPACK.dylib
00000000 	/System/Library/Frameworks/Accelerate.framework/Versions/A/Frameworks/vecLib.framework/Versions/A/libBLAS.dylib
00000000 	/System/Library/Frameworks/ApplicationServices.framework/Versions/A/Frameworks/ATS.framework/Versions/A/Resources/libFontParser.dylib
00000000 	/System/Library/Frameworks/ApplicationServices.framework/Versions/A/Frameworks/ATS.framework/Versions/A/Resources/libFontRegistry.dylib
00000000 	/usr/lib/libcups.2.dylib
00000000 	/System/Library/Frameworks/Kerberos.framework/Versions/A/Kerberos
00000000 	/System/Library/Frameworks/GSS.framework/Versions/A/GSS
00000000 	/usr/lib/libresolv.9.dylib
00000000 	/usr/lib/libiconv.2.dylib
00000000 	/System/Library/PrivateFrameworks/Heimdal.framework/Versions/A/Heimdal
00000000 	/System/Library/Frameworks/OpenDirectory.framework/Versions/A/OpenDirectory
00000000 	/System/Library/PrivateFrameworks/CommonAuth.framework/Versions/A/CommonAuth
00000000 	/System/Library/Frameworks/OpenGL.framework/Versions/A/OpenGL
00000000 	/System/Library/Frameworks/CoreVideo.framework/Versions/A/CoreVideo
00000000 	/System/Library/Frameworks/QuartzCore.framework/Versions/A/Frameworks/CoreImage.framework/Versions/A/CoreImage
00000000 	/System/Library/Frameworks/QuartzCore.framework/Versions/A/Frameworks/ScalableUserInterface.framework/Versions/A/ScalableUserInterface
00000000 	/System/Library/Frameworks/OpenGL.framework/Versions/A/Libraries/libGLU.dylib
00000000 	/System/Library/Frameworks/OpenGL.framework/Versions/A/Libraries/libGFXShared.dylib
00000000 	/System/Library/Frameworks/OpenGL.framework/Versions/A/Libraries/libGL.dylib
00000000 	/System/Library/Frameworks/OpenGL.framework/Versions/A/Libraries/libGLImage.dylib
00000000 	/System/Library/Frameworks/OpenGL.framework/Versions/A/Libraries/libCVMSPluginSupport.dylib
00000000 	/System/Library/Frameworks/OpenGL.framework/Versions/A/Libraries/libCoreVMClient.dylib
00000000 	/System/Library/Frameworks/OpenCL.framework/Versions/A/OpenCL
00000000 	/System/Library/PrivateFrameworks/FaceCoreLight.framework/Versions/A/FaceCoreLight
00000000 	/System/Library/Frameworks/vecLib.framework/Versions/A/vecLib
00000000 	/System/Library/Frameworks/SecurityFoundation.framework/Versions/A/SecurityFoundation
00000000 	/System/Library/PrivateFrameworks/CommerceKit.framework/Versions/A/Frameworks/CommerceCore.framework/Versions/A/CommerceCore
00000000 	/System/Library/PrivateFrameworks/CoreSymbolication.framework/Versions/A/CoreSymbolication
00000000 	/System/Library/PrivateFrameworks/Symbolication.framework/Versions/A/Symbolication
00000000 	/System/Library/PrivateFrameworks/DebugSymbols.framework/Versions/A/DebugSymbols
01000000 	/Library/Java/JavaVirtualMachines/JDK 1.7.0 Developer Preview.jdk/Contents/Home/jre/lib/server/libjvm.dylib
0002d000 	/Library/Java/JavaVirtualMachines/JDK 1.7.0 Developer Preview.jdk/Contents/Home/1.7.0.jre/Contents/Home/lib/libverify.dylib
00038000 	/Library/Java/JavaVirtualMachines/JDK 1.7.0 Developer Preview.jdk/Contents/Home/1.7.0.jre/Contents/Home/lib/libjava.dylib
0006b000 	/Library/Java/JavaVirtualMachines/JDK 1.7.0 Developer Preview.jdk/Contents/Home/1.7.0.jre/Contents/Home/lib/libzip.dylib
00704000 	/System/Library/Frameworks/JavaVM.framework/Frameworks/JavaRuntimeSupport.framework/JavaRuntimeSupport
00712000 	/System/Library/Frameworks/JavaVM.framework/Versions/A/Frameworks/JavaNativeFoundation.framework/Versions/A/JavaNativeFoundation
00723000 	/System/Library/Frameworks/JavaVM.framework/Versions/A/JavaVM
00000000 	/System/Library/Frameworks/Carbon.framework/Versions/A/Carbon
000f5000 	/System/Library/PrivateFrameworks/JavaLaunching.framework/Versions/A/JavaLaunching
00000000 	/System/Library/Frameworks/Carbon.framework/Versions/A/Frameworks/CommonPanels.framework/Versions/A/CommonPanels
00000000 	/System/Library/Frameworks/Carbon.framework/Versions/A/Frameworks/Help.framework/Versions/A/Help
00000000 	/System/Library/Frameworks/Carbon.framework/Versions/A/Frameworks/HTMLRendering.framework/Versions/A/HTMLRendering
00000000 	/System/Library/Frameworks/Carbon.framework/Versions/A/Frameworks/ImageCapture.framework/Versions/A/ImageCapture
00000000 	/System/Library/Frameworks/Carbon.framework/Versions/A/Frameworks/NavigationServices.framework/Versions/A/NavigationServices
00000000 	/System/Library/Frameworks/Carbon.framework/Versions/A/Frameworks/OpenScripting.framework/Versions/A/OpenScripting
00000000 	/System/Library/Frameworks/Carbon.framework/Versions/A/Frameworks/Print.framework/Versions/A/Print
00000000 	/System/Library/Frameworks/Carbon.framework/Versions/A/Frameworks/SecurityHI.framework/Versions/A/SecurityHI
01cb8000 	/Library/Java/JavaVirtualMachines/JDK 1.7.0 Developer Preview.jdk/Contents/Home/1.7.0.jre/Contents/Home/lib/libnio.dylib
01cc5000 	/Library/Java/JavaVirtualMachines/JDK 1.7.0 Developer Preview.jdk/Contents/Home/1.7.0.jre/Contents/Home/lib/./libnet.dylib
24324000 	/Library/Java/JavaVirtualMachines/JDK 1.7.0 Developer Preview.jdk/Contents/Home/1.7.0.jre/Contents/Home/lib/libawt.dylib
24587000 	/Library/Java/JavaVirtualMachines/JDK 1.7.0 Developer Preview.jdk/Contents/Home/1.7.0.jre/Contents/Home/lib/./libmlib_image.dylib
246f2000 	/Library/Java/JavaVirtualMachines/JDK 1.7.0 Developer Preview.jdk/Contents/Home/1.7.0.jre/Contents/Home/lib/lwawt/liblwawt.dylib
01cdf000 	/System/Library/Frameworks/ExceptionHandling.framework/Versions/A/ExceptionHandling
00000000 	/System/Library/PrivateFrameworks/CoreServicesInternal.framework/Versions/A/CoreServicesInternal
00000000 	/System/Library/Frameworks/ApplicationServices.framework/Versions/A/Frameworks/CoreGraphics.framework/Versions/A/Resources/libCSync.A.dylib
00000000 	/System/Library/CoreServices/RawCamera.bundle/Contents/MacOS/RawCamera
00000000 	/System/Library/Frameworks/ApplicationServices.framework/Versions/A/Frameworks/CoreGraphics.framework/Versions/A/Resources/libRIP.A.dylib
24286000 	/Library/Java/JavaVirtualMachines/JDK 1.7.0 Developer Preview.jdk/Contents/Home/1.7.0.jre/Contents/Home/lib/libfontmanager.dylib
25ad2000 	/usr/X11/lib/libfreetype.6.dylib
01fe8000 	/Library/Java/JavaVirtualMachines/JDK 1.7.0 Developer Preview.jdk/Contents/Home/1.7.0.jre/Contents/Home/lib/libosxui.dylib
00000000 	/System/Library/Frameworks/ApplicationServices.framework/Versions/A/Frameworks/CoreGraphics.framework/Versions/A/Resources/libCGXType.A.dylib
26900000 	/System/Library/Frameworks/OpenGL.framework/Resources/GLEngine.bundle/GLEngine
25b48000 	/System/Library/Frameworks/OpenGL.framework/Versions/A/Libraries/libGLProgrammability.dylib
26aa1000 	/System/Library/Extensions/AppleIntelGMAX3100GLDriver.bundle/Contents/MacOS/AppleIntelGMAX3100GLDriver
2469b000 	/System/Library/Frameworks/OpenGL.framework/Resources//GLRendererFloat.bundle/GLRendererFloat
28128000 	/Users/johan/NetBeansProjects/Air Traffic Control/lib/libjogl.jnilib

VM Arguments:
jvm_args: -Dfile.encoding=UTF-8 -Djava.library.path=./lib 
java_command: atc.gui.atc
Launcher Type: SUN_STANDARD

Environment Variables:
PATH=/usr/bin:/bin:/usr/sbin:/sbin
SHELL=/bin/bash
DISPLAY=/tmp/launch-SEVlzv/org.x:0

Signal Handlers:
SIGSEGV: [libjvm.dylib+0x49bfd3], sa_mask[0]=0xfffefeff, sa_flags=0x00000042
SIGBUS: [libjvm.dylib+0x49bfd3], sa_mask[0]=0xfffefeff, sa_flags=0x00000042
SIGFPE: [libjvm.dylib+0x3c4bc0], sa_mask[0]=0xfffefeff, sa_flags=0x00000042
SIGPIPE: [libjvm.dylib+0x3c4bc0], sa_mask[0]=0xfffefeff, sa_flags=0x00000042
SIGXFSZ: [libjvm.dylib+0x3c4bc0], sa_mask[0]=0xfffefeff, sa_flags=0x00000042
SIGILL: [libjvm.dylib+0x3c4bc0], sa_mask[0]=0xfffefeff, sa_flags=0x00000042
SIGUSR1: SIG_DFL, sa_mask[0]=0x00000000, sa_flags=0x00000002
SIGUSR2: [libjvm.dylib+0x3c474c], sa_mask[0]=0x00000004, sa_flags=0x00000042
SIGHUP: [libjvm.dylib+0x3c308a], sa_mask[0]=0xfffefeff, sa_flags=0x00000042
SIGINT: SIG_IGN, sa_mask[0]=0x00000000, sa_flags=0x00000000
SIGTERM: [libjvm.dylib+0x3c308a], sa_mask[0]=0xfffefeff, sa_flags=0x00000042
SIGQUIT: [libjvm.dylib+0x3c308a], sa_mask[0]=0xfffefeff, sa_flags=0x00000042


---------------  S Y S T E M  ---------------

OS:Bsd
uname:Darwin 11.1.0 Darwin Kernel Version 11.1.0: Tue Jul 26 16:09:02 PDT 2011; root:xnu-1699.22.81~1/RELEASE_I386 i386
rlimit: STACK 8192k, CORE 0k, NPROC 266, NOFILE 10240
CPU:total 2 (2 cores per cpu, 1 threads per core) family 6 model 23 stepping 6, cmov, cx8, fxsr, mmx, sse, sse2, sse3, ssse3, sse4.1

Memory: 4k page, physical 1741924k(435481k free)

/proc/meminfo:


vm_info: OpenJDK Server VM (21.0-b17) for bsd-x86 JRE (1.7.0-ea-b211), built on Sep 30 2011 11:20:40 by "java_re" with gcc 4.2.1 (Based on Apple Inc. build 5658) (LLVM build 2335.6)

time: Mon Oct 17 09:48:40 2011
elapsed time: 2 seconds

